<?xml version="1.0" encoding="UTF-8"?>
<!-- Generated by org.testng.reporters.JUnitXMLReporter -->
<testsuite ignored="0" hostname="DESKTOP-VFB79Q5" failures="0" tests="3" name="Default test" time="0.084" errors="0" timestamp="2020-03-26T20:28:40 CET">
  <testcase classname="banka_test.BankTest" name="testTransfer" time="0.021"/>
  <testcase classname="banka_test.BankTest" name="testUplata" time="0.001"/>
  <testcase classname="banka_test.BankTest" name="testOpen" time="0.003"/>
</testsuite> <!-- Default test -->
