<?xml version="1.0" encoding="UTF-8"?>
<!-- Generated by org.testng.reporters.JUnitXMLReporter -->
<testsuite ignored="0" hostname="DESKTOP-VFB79Q5" failures="0" tests="4" name="Banka Test" time="0.112" errors="0" timestamp="2020-03-26T20:21:00 CET">
  <testcase classname="banka_test.BankTest" name="testOpen" time="0.017"/>
  <testcase classname="banka_test.BankTest" name="testTransfer" time="0.006"/>
  <testcase classname="banka_test.BankTest" name="testUplata" time="0.002"/>
  <testcase classname="banka_test.AccountTest" name="testKonstruktor" time="0.002"/>
</testsuite> <!-- Banka Test -->
