<?xml version="1.0" encoding="UTF-8"?>
<!-- Generated by org.testng.reporters.JUnitXMLReporter -->
<testsuite ignored="0" hostname="DESKTOP-VFB79Q5" failures="0" tests="4" name="Regression Test" time="0.096" errors="0" timestamp="2020-03-26T21:22:14 CET">
  <testcase classname="banka_test.BankTest" name="testTransfer" time="0.015"/>
  <testcase classname="banka_test.BankTest" name="testUplata" time="0.003"/>
  <testcase classname="banka_test.BankTest" name="testOpen" time="0.002"/>
  <testcase classname="banka_test.AccountTest" name="testKonstruktor" time="0.003"/>
</testsuite> <!-- Regression Test -->
