<?xml version="1.0" encoding="UTF-8"?>
<!-- Generated by org.testng.reporters.JUnitXMLReporter -->
<testsuite ignored="2" hostname="DESKTOP-VFB79Q5" failures="0" tests="2" name="Smoke Test" time="0.076" errors="0" timestamp="2020-03-26T21:33:44 CET">
  <testcase classname="banka_test.BankTest" name="testTransfer" time="0.012"/>
  <testcase classname="banka_test.AccountTest" name="testKonstruktor" time="0.003"/>
  <testcase classname="banka_test.BankTest" name="testOpen" time="0.0">
    <ignored/>
  </testcase> <!-- testOpen -->
  <testcase classname="banka_test.BankTest" name="testUplata" time="0.0">
    <ignored/>
  </testcase> <!-- testUplata -->
</testsuite> <!-- Smoke Test -->
