<?xml version="1.0" encoding="UTF-8"?>
<!-- Generated by org.testng.reporters.JUnitXMLReporter -->
<testsuite ignored="2" hostname="DESKTOP-VFB79Q5" failures="0" tests="1" name="Default test(failed)(failed)" time="0.07" errors="0" timestamp="2020-03-26T20:08:40 CET">
  <testcase classname="banka_test.BankTest" name="testTransfer" time="0.02"/>
  <testcase classname="banka_test.BankTest" name="testOpen" time="0.0">
    <ignored/>
  </testcase> <!-- testOpen -->
  <testcase classname="banka_test.BankTest" name="testUplata" time="0.0">
    <ignored/>
  </testcase> <!-- testUplata -->
</testsuite> <!-- Default test(failed)(failed) -->
